<?xml version="1.0" encoding="UTF-8"?>
<testng-results ignored="0" total="1" passed="1" failed="0" skipped="0">
  <reporter-output>
  </reporter-output>
  <suite started-at="2019-09-03T15:48:21Z" name="Suite" finished-at="2019-09-03T15:48:21Z" duration-ms="31">
    <groups>
    </groups>
    <test started-at="2019-09-03T15:48:21Z" name="Test" finished-at="2019-09-03T15:48:21Z" duration-ms="31">
      <class name="maven.Mvn">
        <test-method signature="sample()[pri:0, instance:maven.Mvn@39529185]" started-at="2019-09-03T15:48:21Z" name="sample" finished-at="2019-09-03T15:48:21Z" duration-ms="6" status="PASS">
          <reporter-output>
          </reporter-output>
        </test-method> <!-- sample -->
      </class> <!-- maven.Mvn -->
    </test> <!-- Test -->
  </suite> <!-- Suite -->
</testng-results>
